<?xml version="1.0" encoding="UTF-8"?>
<testsuite xmlns:xsi="http://www.w3.org/2001/XMLSchema-instance" xsi:noNamespaceSchemaLocation="https://maven.apache.org/surefire/maven-surefire-plugin/xsd/surefire-test-report.xsd" name="de.htwberlin.persistence.RulesRepositoryTest" time="0.064" tests="5" errors="0" skipped="0" failures="0">
  <properties>
[...]
</properties>
  <testcase name="testFindRulesWhereSkipNextPlayerTurnIsTrue" classname="de.htwberlin.persistence.RulesRepositoryTest" time="0.013"/>
  <testcase name="testFindRulesWithMoreCardsToBeDrawnThan" classname="de.htwberlin.persistence.RulesRepositoryTest" time="0.014"/>
  <testcase name="testFindRulesByGameId" classname="de.htwberlin.persistence.RulesRepositoryTest" time="0.014"/>
  <testcase name="testFindRulesByWishCard" classname="de.htwberlin.persistence.RulesRepositoryTest" time="0.01"/>
  <testcase name="testFindRulesWhereCanPlayAgain" classname="de.htwberlin.persistence.RulesRepositoryTest" time="0.011"/>
</testsuite>