<?xml version="1.0" encoding="UTF-8"?>
<testsuite xmlns:xsi="http://www.w3.org/2001/XMLSchema-instance" xsi:noNamespaceSchemaLocation="https://maven.apache.org/surefire/maven-surefire-plugin/xsd/surefire-test-report.xsd" name="de.htwberlin.service.PlayerManagementTest" time="0.05" tests="5" errors="0" skipped="0" failures="0">
  <properties>
[...]
</properties>
  <testcase name="mau" classname="de.htwberlin.service.PlayerManagementTest" time="0.022"/>
  <testcase name="lostMau" classname="de.htwberlin.service.PlayerManagementTest" time="0"/>
  <testcase name="sortPlayersCards" classname="de.htwberlin.service.PlayerManagementTest" time="0.001"/>
  <testcase name="createPlayer" classname="de.htwberlin.service.PlayerManagementTest" time="0.006"/>
  <testcase name="surrender" classname="de.htwberlin.service.PlayerManagementTest" time="0.001"/>
</testsuite>